2022-12-06 00:52:10 INFO::Writing function arguments to log file
2022-12-06 00:52:10 DEBUG::Function arguments
2022-12-06 00:52:10 DEBUG::Output folder: analysis/tweedieverse_output
2022-12-06 00:52:10 DEBUG::Abundance threshold: 0.000000
2022-12-06 00:52:10 DEBUG::Prevalence threshold: 0.100000
2022-12-06 00:52:10 DEBUG::Variance threshold: 0.000000
2022-12-06 00:52:10 DEBUG::Base model: CPLM
2022-12-06 00:52:10 DEBUG::Link function: log
2022-12-06 00:52:10 DEBUG::Fixed effects:
2022-12-06 00:52:10 DEBUG::Random effects:
2022-12-06 00:52:10 DEBUG::ZSCP cutoff: 0.300000
2022-12-06 00:52:10 DEBUG::ZACP criteria: BIC
2022-12-06 00:52:10 DEBUG::Offset adjustment: TRUE
2022-12-06 00:52:10 DEBUG::Scale factor:
2022-12-06 00:52:10 DEBUG::Max significance: 0.050000
2022-12-06 00:52:10 DEBUG::Correction method: BH
2022-12-06 00:52:10 DEBUG::Standardize: TRUE
2022-12-06 00:52:10 DEBUG::Cores: 1
2022-12-06 00:52:10 DEBUG::Optimization routine: nlminb
2022-12-06 00:52:10 INFO::Determining format of input files
2022-12-06 00:52:10 INFO::Input format is data samples as rows and metadata samples as rows
2022-12-06 00:52:10 DEBUG::A total of 35 samples were found in both the data and metadata
2022-12-06 00:52:10 DEBUG::Reordering data/metadata to use same sample ordering
2022-12-06 00:52:10 INFO::Filter data based on min abundance and min prevalence
2022-12-06 00:52:10 INFO::Total samples in data: 35
2022-12-06 00:52:10 INFO::Min samples required with min abundance for a feature not to be filtered: 3.500000
2022-12-06 00:52:10 INFO::Total filtered features with prevalence-abundance filtering: 0
2022-12-06 00:52:10 INFO::Filtered feature names:
2022-12-06 00:52:10 INFO::Total filtered features with variance filtering: 0
2022-12-06 00:52:10 INFO::Filtered feature names:
2022-12-06 00:52:10 INFO::Excluded metadata with entropy less or equal to 0:
2022-12-06 00:52:10 INFO::Formula for fixed effects: expr ~  Group
2022-12-06 00:52:10 INFO::Applying z-score to standardize continuous metadata
2022-12-06 00:52:10 INFO::Running selected analysis method: CPLM
2022-12-06 00:52:10 INFO::Fitting model to feature number 1, alanine
2022-12-06 00:52:12 INFO::Fitting model to feature number 2, glucose
2022-12-06 00:52:12 INFO::Fitting model to feature number 3, lysine
2022-12-06 00:52:12 INFO::Fitting model to feature number 4, lactate
2022-12-06 00:52:12 INFO::Fitting model to feature number 5, pyruvate
2022-12-06 00:52:12 INFO::Fitting model to feature number 6, glutamate
2022-12-06 00:52:13 INFO::Fitting model to feature number 7, lipids
2022-12-06 00:52:13 INFO::Fitting model to feature number 8, N-acetyl glycoprotein
2022-12-06 00:52:13 INFO::Counting prevalence for each feature
2022-12-06 00:52:13 INFO::Writing all results to file (ordered by increasing q-values): analysis/tweedieverse_output/all_results.tsv
2022-12-06 00:52:13 INFO::Writing the significant results (those which are less than or equal to the threshold of 0.050000 ) to file (ordered by increasing q-values): analysis/tweedieverse_output/significant_results.tsv
2022-12-06 00:52:13 INFO::Writing Tweedie inxed plot to file: analysis/tweedieverse_output
2022-12-06 00:52:13 INFO::Plotting tweedie.index  colored by metadata
